{"/home/rodrigo/github/tech-challenge-blog/src/controllers/PostController.ts": {"path":"/home/rodrigo/github/tech-challenge-blog/src/controllers/PostController.ts","statementMap":{"0":{"start":{"line":2,"column":0},"end":{"line":2,"column":54}},"1":{"start":{"line":6,"column":22},"end":{"line":6,"column":36}},"2":{"start":{"line":9,"column":10},"end":{"line":22,"column":3}},"3":{"start":{"line":10,"column":4},"end":{"line":21,"column":5}},"4":{"start":{"line":11,"column":42},"end":{"line":11,"column":50}},"5":{"start":{"line":15,"column":25},"end":{"line":15,"column":111}},"6":{"start":{"line":17,"column":23},"end":{"line":17,"column":92}},"7":{"start":{"line":18,"column":6},"end":{"line":18,"column":44}},"8":{"start":{"line":20,"column":6},"end":{"line":20,"column":60}},"9":{"start":{"line":25,"column":11},"end":{"line":32,"column":3}},"10":{"start":{"line":26,"column":4},"end":{"line":31,"column":5}},"11":{"start":{"line":27,"column":20},"end":{"line":27,"column":56}},"12":{"start":{"line":28,"column":6},"end":{"line":28,"column":41}},"13":{"start":{"line":30,"column":6},"end":{"line":30,"column":60}},"14":{"start":{"line":35,"column":11},"end":{"line":46,"column":3}},"15":{"start":{"line":36,"column":4},"end":{"line":45,"column":5}},"16":{"start":{"line":37,"column":24},"end":{"line":37,"column":33}},"17":{"start":{"line":38,"column":6},"end":{"line":40,"column":7}},"18":{"start":{"line":39,"column":8},"end":{"line":39,"column":94}},"19":{"start":{"line":41,"column":20},"end":{"line":41,"column":74}},"20":{"start":{"line":42,"column":6},"end":{"line":42,"column":41}},"21":{"start":{"line":44,"column":6},"end":{"line":44,"column":60}},"22":{"start":{"line":49,"column":15},"end":{"line":60,"column":3}},"23":{"start":{"line":50,"column":4},"end":{"line":59,"column":5}},"24":{"start":{"line":51,"column":17},"end":{"line":51,"column":40}},"25":{"start":{"line":52,"column":19},"end":{"line":52,"column":57}},"26":{"start":{"line":53,"column":6},"end":{"line":55,"column":7}},"27":{"start":{"line":54,"column":8},"end":{"line":54,"column":75}},"28":{"start":{"line":56,"column":6},"end":{"line":56,"column":40}},"29":{"start":{"line":58,"column":6},"end":{"line":58,"column":60}},"30":{"start":{"line":63,"column":14},"end":{"line":74,"column":3}},"31":{"start":{"line":64,"column":4},"end":{"line":73,"column":5}},"32":{"start":{"line":65,"column":17},"end":{"line":65,"column":40}},"33":{"start":{"line":66,"column":29},"end":{"line":66,"column":72}},"34":{"start":{"line":67,"column":6},"end":{"line":69,"column":7}},"35":{"start":{"line":68,"column":8},"end":{"line":68,"column":87}},"36":{"start":{"line":70,"column":6},"end":{"line":70,"column":50}},"37":{"start":{"line":72,"column":6},"end":{"line":72,"column":60}},"38":{"start":{"line":77,"column":12},"end":{"line":88,"column":3}},"39":{"start":{"line":78,"column":4},"end":{"line":87,"column":5}},"40":{"start":{"line":79,"column":17},"end":{"line":79,"column":40}},"41":{"start":{"line":80,"column":27},"end":{"line":80,"column":61}},"42":{"start":{"line":81,"column":6},"end":{"line":83,"column":7}},"43":{"start":{"line":82,"column":8},"end":{"line":82,"column":89}},"44":{"start":{"line":84,"column":6},"end":{"line":84,"column":81}},"45":{"start":{"line":86,"column":6},"end":{"line":86,"column":60}},"46":{"start":{"line":4,"column":0},"end":{"line":4,"column":13}}},"fnMap":{"0":{"name":"(anonymous_0)","decl":{"start":{"line":6,"column":2},"end":{"line":6,"column":22}},"loc":{"start":{"line":6,"column":53},"end":{"line":6,"column":57}}},"1":{"name":"(anonymous_1)","decl":{"start":{"line":9,"column":10},"end":{"line":9,"column":15}},"loc":{"start":{"line":9,"column":67},"end":{"line":22,"column":3}}},"2":{"name":"(anonymous_2)","decl":{"start":{"line":25,"column":11},"end":{"line":25,"column":16}},"loc":{"start":{"line":25,"column":68},"end":{"line":32,"column":3}}},"3":{"name":"(anonymous_3)","decl":{"start":{"line":35,"column":11},"end":{"line":35,"column":16}},"loc":{"start":{"line":35,"column":68},"end":{"line":46,"column":3}}},"4":{"name":"(anonymous_4)","decl":{"start":{"line":49,"column":15},"end":{"line":49,"column":20}},"loc":{"start":{"line":49,"column":72},"end":{"line":60,"column":3}}},"5":{"name":"(anonymous_5)","decl":{"start":{"line":63,"column":14},"end":{"line":63,"column":19}},"loc":{"start":{"line":63,"column":71},"end":{"line":74,"column":3}}},"6":{"name":"(anonymous_6)","decl":{"start":{"line":77,"column":12},"end":{"line":77,"column":17}},"loc":{"start":{"line":77,"column":69},"end":{"line":88,"column":3}}}},"branchMap":{"0":{"loc":{"start":{"line":6,"column":22},"end":{"line":6,"column":53}},"type":"default-arg","locations":[{"start":{"line":6,"column":36},"end":{"line":6,"column":53}}]},"1":{"loc":{"start":{"line":15,"column":25},"end":{"line":15,"column":111}},"type":"binary-expr","locations":[{"start":{"line":15,"column":25},"end":{"line":15,"column":30}},{"start":{"line":15,"column":35},"end":{"line":15,"column":110}}]},"2":{"loc":{"start":{"line":15,"column":35},"end":{"line":15,"column":110}},"type":"cond-expr","locations":[{"start":{"line":15,"column":69},"end":{"line":15,"column":92}},{"start":{"line":15,"column":95},"end":{"line":15,"column":110}}]},"3":{"loc":{"start":{"line":38,"column":6},"end":{"line":40,"column":7}},"type":"if","locations":[{"start":{"line":38,"column":6},"end":{"line":40,"column":7}},{"start":{},"end":{}}]},"4":{"loc":{"start":{"line":53,"column":6},"end":{"line":55,"column":7}},"type":"if","locations":[{"start":{"line":53,"column":6},"end":{"line":55,"column":7}},{"start":{},"end":{}}]},"5":{"loc":{"start":{"line":67,"column":6},"end":{"line":69,"column":7}},"type":"if","locations":[{"start":{"line":67,"column":6},"end":{"line":69,"column":7}},{"start":{},"end":{}}]},"6":{"loc":{"start":{"line":81,"column":6},"end":{"line":83,"column":7}},"type":"if","locations":[{"start":{"line":81,"column":6},"end":{"line":83,"column":7}},{"start":{},"end":{}}]}},"s":{"0":1,"1":1,"2":1,"3":4,"4":4,"5":4,"6":4,"7":3,"8":1,"9":1,"10":2,"11":2,"12":1,"13":1,"14":1,"15":3,"16":3,"17":3,"18":1,"19":2,"20":1,"21":1,"22":1,"23":3,"24":3,"25":3,"26":2,"27":1,"28":1,"29":1,"30":1,"31":3,"32":3,"33":3,"34":2,"35":1,"36":1,"37":1,"38":1,"39":3,"40":3,"41":3,"42":2,"43":1,"44":1,"45":1,"46":1},"f":{"0":1,"1":4,"2":2,"3":3,"4":3,"5":3,"6":3},"b":{"0":[1],"1":[4,3],"2":[2,1],"3":[1,2],"4":[1,1],"5":[1,1],"6":[1,1]}}
,"/home/rodrigo/github/tech-challenge-blog/src/routes/postRoutes.ts": {"path":"/home/rodrigo/github/tech-challenge-blog/src/routes/postRoutes.ts","statementMap":{"0":{"start":{"line":1,"column":0},"end":{"line":1,"column":33}},"1":{"start":{"line":2,"column":0},"end":{"line":2,"column":63}},"2":{"start":{"line":3,"column":0},"end":{"line":3,"column":64}},"3":{"start":{"line":5,"column":15},"end":{"line":5,"column":23}},"4":{"start":{"line":6,"column":23},"end":{"line":6,"column":43}},"5":{"start":{"line":9,"column":0},"end":{"line":9,"column":74}},"6":{"start":{"line":10,"column":0},"end":{"line":10,"column":81}},"7":{"start":{"line":11,"column":0},"end":{"line":11,"column":82}},"8":{"start":{"line":14,"column":0},"end":{"line":14,"column":70}},"9":{"start":{"line":15,"column":0},"end":{"line":15,"column":77}},"10":{"start":{"line":16,"column":0},"end":{"line":16,"column":78}},"11":{"start":{"line":18,"column":0},"end":{"line":18,"column":22}}},"fnMap":{},"branchMap":{},"s":{"0":1,"1":1,"2":1,"3":1,"4":1,"5":1,"6":1,"7":1,"8":1,"9":1,"10":1,"11":1},"f":{},"b":{}}
,"/home/rodrigo/github/tech-challenge-blog/src/services/PostService.ts": {"path":"/home/rodrigo/github/tech-challenge-blog/src/services/PostService.ts","statementMap":{"0":{"start":{"line":1,"column":0},"end":{"line":1,"column":50}},"1":{"start":{"line":5,"column":4},"end":{"line":7,"column":5}},"2":{"start":{"line":6,"column":6},"end":{"line":6,"column":85}},"3":{"start":{"line":8,"column":21},"end":{"line":8,"column":41}},"4":{"start":{"line":9,"column":4},"end":{"line":9,"column":33}},"5":{"start":{"line":13,"column":4},"end":{"line":13,"column":57}},"6":{"start":{"line":18,"column":4},"end":{"line":23,"column":30}},"7":{"start":{"line":28,"column":4},"end":{"line":28,"column":40}},"8":{"start":{"line":33,"column":4},"end":{"line":33,"column":92}},"9":{"start":{"line":38,"column":4},"end":{"line":38,"column":49}},"10":{"start":{"line":3,"column":0},"end":{"line":3,"column":13}}},"fnMap":{"0":{"name":"(anonymous_0)","decl":{"start":{"line":4,"column":2},"end":{"line":4,"column":7}},"loc":{"start":{"line":4,"column":72},"end":{"line":10,"column":3}}},"1":{"name":"(anonymous_1)","decl":{"start":{"line":12,"column":2},"end":{"line":12,"column":7}},"loc":{"start":{"line":12,"column":19},"end":{"line":14,"column":3}}},"2":{"name":"(anonymous_2)","decl":{"start":{"line":17,"column":2},"end":{"line":17,"column":7}},"loc":{"start":{"line":17,"column":36},"end":{"line":24,"column":3}}},"3":{"name":"(anonymous_3)","decl":{"start":{"line":27,"column":2},"end":{"line":27,"column":7}},"loc":{"start":{"line":27,"column":30},"end":{"line":29,"column":3}}},"4":{"name":"(anonymous_4)","decl":{"start":{"line":32,"column":2},"end":{"line":32,"column":7}},"loc":{"start":{"line":32,"column":88},"end":{"line":34,"column":3}}},"5":{"name":"(anonymous_5)","decl":{"start":{"line":37,"column":2},"end":{"line":37,"column":7}},"loc":{"start":{"line":37,"column":26},"end":{"line":39,"column":3}}}},"branchMap":{"0":{"loc":{"start":{"line":5,"column":4},"end":{"line":7,"column":5}},"type":"if","locations":[{"start":{"line":5,"column":4},"end":{"line":7,"column":5}},{"start":{},"end":{}}]},"1":{"loc":{"start":{"line":5,"column":8},"end":{"line":5,"column":56}},"type":"binary-expr","locations":[{"start":{"line":5,"column":8},"end":{"line":5,"column":21}},{"start":{"line":5,"column":25},"end":{"line":5,"column":40}},{"start":{"line":5,"column":44},"end":{"line":5,"column":56}}]}},"s":{"0":2,"1":2,"2":1,"3":1,"4":1,"5":1,"6":1,"7":1,"8":1,"9":1,"10":2},"f":{"0":2,"1":1,"2":1,"3":1,"4":1,"5":1},"b":{"0":[1,1],"1":[2,1,1]}}
}
