TN:
SF:src/controllers/PostController.ts
FN:6,(anonymous_0)
FN:9,(anonymous_1)
FN:25,(anonymous_2)
FN:35,(anonymous_3)
FN:49,(anonymous_4)
FN:63,(anonymous_5)
FN:77,(anonymous_6)
FNF:7
FNH:7
FNDA:1,(anonymous_0)
FNDA:4,(anonymous_1)
FNDA:2,(anonymous_2)
FNDA:3,(anonymous_3)
FNDA:3,(anonymous_4)
FNDA:3,(anonymous_5)
FNDA:3,(anonymous_6)
DA:2,1
DA:4,1
DA:6,1
DA:9,1
DA:10,4
DA:11,4
DA:15,4
DA:17,4
DA:18,3
DA:20,1
DA:25,1
DA:26,2
DA:27,2
DA:28,1
DA:30,1
DA:35,1
DA:36,3
DA:37,3
DA:38,3
DA:39,1
DA:41,2
DA:42,1
DA:44,1
DA:49,1
DA:50,3
DA:51,3
DA:52,3
DA:53,2
DA:54,1
DA:56,1
DA:58,1
DA:63,1
DA:64,3
DA:65,3
DA:66,3
DA:67,2
DA:68,1
DA:70,1
DA:72,1
DA:77,1
DA:78,3
DA:79,3
DA:80,3
DA:81,2
DA:82,1
DA:84,1
DA:86,1
LF:47
LH:47
BRDA:6,0,0,1
BRDA:15,1,0,4
BRDA:15,1,1,3
BRDA:15,2,0,2
BRDA:15,2,1,1
BRDA:38,3,0,1
BRDA:38,3,1,2
BRDA:53,4,0,1
BRDA:53,4,1,1
BRDA:67,5,0,1
BRDA:67,5,1,1
BRDA:81,6,0,1
BRDA:81,6,1,1
BRF:13
BRH:13
end_of_record
TN:
SF:src/routes/postRoutes.ts
FNF:0
FNH:0
DA:1,1
DA:2,1
DA:3,1
DA:5,1
DA:6,1
DA:9,1
DA:10,1
DA:11,1
DA:14,1
DA:15,1
DA:16,1
DA:18,1
LF:12
LH:12
BRF:0
BRH:0
end_of_record
TN:
SF:src/services/PostService.ts
FN:4,(anonymous_0)
FN:12,(anonymous_1)
FN:17,(anonymous_2)
FN:27,(anonymous_3)
FN:32,(anonymous_4)
FN:37,(anonymous_5)
FNF:6
FNH:6
FNDA:2,(anonymous_0)
FNDA:1,(anonymous_1)
FNDA:1,(anonymous_2)
FNDA:1,(anonymous_3)
FNDA:1,(anonymous_4)
FNDA:1,(anonymous_5)
DA:1,2
DA:3,2
DA:5,2
DA:6,1
DA:8,1
DA:9,1
DA:13,1
DA:18,1
DA:28,1
DA:33,1
DA:38,1
LF:11
LH:11
BRDA:5,0,0,1
BRDA:5,0,1,1
BRDA:5,1,0,2
BRDA:5,1,1,1
BRDA:5,1,2,1
BRF:5
BRH:5
end_of_record
